<?xml version="1.0" encoding="UTF-8"?>
<!-- Generated by org.testng.reporters.JUnitReportReporter -->
<testsuite hostname="qedge-PC" name="testng.Annotations" tests="2" failures="0" timestamp="7 Apr 2018 08:15:53 GMT" time="0.047" errors="0">
  <testcase name="method1" time="0.016" classname="testng.Annotations"/>
  <testcase name="method" time="0.031" classname="testng.Annotations"/>
</testsuite> <!-- testng.Annotations -->
