<?xml version="1.0" encoding="UTF-8"?>
<!-- Generated by org.testng.reporters.JUnitReportReporter -->
<testsuite hostname="qedge-PC" name="com.grid.CrossBrowserTest" tests="2" failures="0" timestamp="7 Jun 2018 04:35:45 GMT" time="20.394" errors="0">
  <testcase name="dropdownTest" time="11.792" classname="com.grid.CrossBrowserTest"/>
  <testcase name="dropdownTest" time="8.602" classname="com.grid.CrossBrowserTest"/>
</testsuite> <!-- com.grid.CrossBrowserTest -->
