<?xml version="1.0" encoding="UTF-8"?>
<!-- Generated by org.testng.reporters.JUnitReportReporter -->
<testsuite hostname="qedge-PC" name="testng.EmpList" tests="1" failures="0" timestamp="7 Apr 2018 09:29:38 GMT" time="0.000" errors="0">
  <testcase name="empList" time="0.000" classname="testng.EmpList"/>
</testsuite> <!-- testng.EmpList -->
