<?xml version="1.0" encoding="UTF-8"?>
<!-- Generated by org.testng.reporters.JUnitReportReporter -->
<testsuite hostname="qedge-PC" name="com.grid.Grid" tests="2" failures="0" timestamp="8 Apr 2018 09:53:30 GMT" time="33.004" errors="0">
  <testcase name="dropdownTest" time="19.663" classname="com.grid.Grid"/>
  <testcase name="dropdownTest" time="13.341" classname="com.grid.Grid"/>
</testsuite> <!-- com.grid.Grid -->
