<?xml version="1.0" encoding="UTF-8"?>
<!-- Generated by org.testng.reporters.JUnitReportReporter -->
<testsuite hostname="qedge-PC" name="testng.SampleTest" tests="3" failures="0" timestamp="7 Apr 2018 07:53:21 GMT" time="0.015" errors="0">
  <testcase name="appLogin" time="0.001" classname="testng.SampleTest"/>
  <testcase name="appClose" time="0.002" classname="testng.SampleTest"/>
  <testcase name="appLaunch" time="0.012" classname="testng.SampleTest"/>
</testsuite> <!-- testng.SampleTest -->
