<?xml version="1.0" encoding="UTF-8"?>
<!-- Generated by org.testng.reporters.JUnitReportReporter -->
<testsuite hostname="qedge-PC" name="com.grid.OrangeHrmLoginGrid" tests="1" failures="0" timestamp="7 Jun 2018 04:31:32 GMT" time="13.123" errors="0">
  <testcase name="loginTest" time="13.123" classname="com.grid.OrangeHrmLoginGrid"/>
</testsuite> <!-- com.grid.OrangeHrmLoginGrid -->
