<?xml version="1.0" encoding="UTF-8"?>
<!-- Generated by org.testng.reporters.JUnitReportReporter -->
<testsuite hostname="qedge-PC" name="testng.AddEmpTest" tests="1" failures="0" timestamp="7 Apr 2018 09:29:38 GMT" time="37.334" errors="0">
  <testcase name="empAdd" time="37.334" classname="testng.AddEmpTest"/>
</testsuite> <!-- testng.AddEmpTest -->
