<?xml version="1.0" encoding="UTF-8"?>
<!-- Generated by org.testng.reporters.JUnitReportReporter -->
<testsuite hostname="qedge-PC" name="testng.AdminLoginTest" tests="1" failures="0" timestamp="7 Apr 2018 07:53:21 GMT" time="3.456" errors="0">
  <testcase name="appLogin" time="3.456" classname="testng.AdminLoginTest"/>
</testsuite> <!-- testng.AdminLoginTest -->
